[    8641ms] [WARNING] Detected `scroll-behavior: smooth` on the `<html>` element. To disable smooth scrolling during route transitions, add `data-scroll-behavior="smooth"` to your <html> element. Learn more: https://nextjs.org/docs/messages/missing-data-scroll-behavior @ http://localhost:3000/_next/static/chunks/node_modules_next_dist_f3530cac._.js:2297
[   75461ms] [ERROR] Failed to load resource: the server responded with a status of 403 (Forbidden) @ http://localhost:3000/api/games/wvbcgpbz:0
[  349865ms] [WARNING] Detected `scroll-behavior: smooth` on the `<html>` element. To disable smooth scrolling during route transitions, add `data-scroll-behavior="smooth"` to your <html> element. Learn more: https://nextjs.org/docs/messages/missing-data-scroll-behavior @ http://localhost:3000/_next/static/chunks/node_modules_next_dist_f3530cac._.js:2297
[  371179ms] [ERROR] Failed to load resource: the server responded with a status of 403 (Forbidden) @ http://localhost:3000/api/games/w2e2xmyo:0
[  781961ms] [WARNING] Detected `scroll-behavior: smooth` on the `<html>` element. To disable smooth scrolling during route transitions, add `data-scroll-behavior="smooth"` to your <html> element. Learn more: https://nextjs.org/docs/messages/missing-data-scroll-behavior @ http://localhost:3000/_next/static/chunks/node_modules_next_dist_f3530cac._.js:2297
[  781979ms] [WARNING] WebSocket connection to 'wss://zvcxagmauxwcotqpyuzi.supabase.co/realtime/v1/websocket?apikey=eyJhbGciOiJIUzI1NiIsInR5cCI6IkpXVCJ9.eyJpc3MiOiJzdXBhYmFzZSIsInJlZiI6Inp2Y3hhZ21hdXh3Y290cXB5dXppIiwicm9sZSI6ImFub24iLCJpYXQiOjE3NzEwNzQ2OTUsImV4cCI6MjA4NjY1MDY5NX0.Mwl6LVHvIZ3-M-oLZ0KB_qfP1y16dpRT8lJFfnQastE&eventsPerSecond=10&vsn=2.0.0' failed: WebSocket is closed before the connection is established. @ http://localhost:3000/_next/static/chunks/node_modules_ce95cb36._.js:5517
[  792778ms] [WARNING] Detected `scroll-behavior: smooth` on the `<html>` element. To disable smooth scrolling during route transitions, add `data-scroll-behavior="smooth"` to your <html> element. Learn more: https://nextjs.org/docs/messages/missing-data-scroll-behavior @ http://localhost:3000/_next/static/chunks/node_modules_next_dist_f3530cac._.js:2297
[  796410ms] [ERROR] Failed to load resource: the server responded with a status of 409 (Conflict) @ http://localhost:3000/api/players:0
[  799617ms] [ERROR] Failed to load resource: the server responded with a status of 409 (Conflict) @ http://localhost:3000/api/players:0
[  801277ms] [ERROR] Failed to load resource: the server responded with a status of 409 (Conflict) @ http://localhost:3000/api/players:0
[  801964ms] [ERROR] Failed to load resource: the server responded with a status of 409 (Conflict) @ http://localhost:3000/api/players:0
[  802349ms] [ERROR] Failed to load resource: the server responded with a status of 409 (Conflict) @ http://localhost:3000/api/players:0
[  802679ms] [ERROR] Failed to load resource: the server responded with a status of 409 (Conflict) @ http://localhost:3000/api/players:0
[  802996ms] [ERROR] Failed to load resource: the server responded with a status of 409 (Conflict) @ http://localhost:3000/api/players:0
[  803401ms] [ERROR] Failed to load resource: the server responded with a status of 409 (Conflict) @ http://localhost:3000/api/players:0
[  803798ms] [ERROR] Failed to load resource: the server responded with a status of 409 (Conflict) @ http://localhost:3000/api/players:0
[  804135ms] [ERROR] Failed to load resource: the server responded with a status of 409 (Conflict) @ http://localhost:3000/api/players:0
[  806782ms] [ERROR] Failed to load resource: the server responded with a status of 409 (Conflict) @ http://localhost:3000/api/players:0
[ 1035257ms] [WARNING] Detected `scroll-behavior: smooth` on the `<html>` element. To disable smooth scrolling during route transitions, add `data-scroll-behavior="smooth"` to your <html> element. Learn more: https://nextjs.org/docs/messages/missing-data-scroll-behavior @ http://localhost:3000/_next/static/chunks/node_modules_next_dist_f3530cac._.js:2297
[ 1035279ms] [WARNING] WebSocket connection to 'wss://zvcxagmauxwcotqpyuzi.supabase.co/realtime/v1/websocket?apikey=eyJhbGciOiJIUzI1NiIsInR5cCI6IkpXVCJ9.eyJpc3MiOiJzdXBhYmFzZSIsInJlZiI6Inp2Y3hhZ21hdXh3Y290cXB5dXppIiwicm9sZSI6ImFub24iLCJpYXQiOjE3NzEwNzQ2OTUsImV4cCI6MjA4NjY1MDY5NX0.Mwl6LVHvIZ3-M-oLZ0KB_qfP1y16dpRT8lJFfnQastE&eventsPerSecond=10&vsn=2.0.0' failed: WebSocket is closed before the connection is established. @ http://localhost:3000/_next/static/chunks/node_modules_ce95cb36._.js:5517
[ 1058797ms] [WARNING] Detected `scroll-behavior: smooth` on the `<html>` element. To disable smooth scrolling during route transitions, add `data-scroll-behavior="smooth"` to your <html> element. Learn more: https://nextjs.org/docs/messages/missing-data-scroll-behavior @ http://localhost:3000/_next/static/chunks/node_modules_next_dist_f3530cac._.js:2297
[ 1058822ms] [WARNING] WebSocket connection to 'wss://zvcxagmauxwcotqpyuzi.supabase.co/realtime/v1/websocket?apikey=eyJhbGciOiJIUzI1NiIsInR5cCI6IkpXVCJ9.eyJpc3MiOiJzdXBhYmFzZSIsInJlZiI6Inp2Y3hhZ21hdXh3Y290cXB5dXppIiwicm9sZSI6ImFub24iLCJpYXQiOjE3NzEwNzQ2OTUsImV4cCI6MjA4NjY1MDY5NX0.Mwl6LVHvIZ3-M-oLZ0KB_qfP1y16dpRT8lJFfnQastE&eventsPerSecond=10&vsn=2.0.0' failed: WebSocket is closed before the connection is established. @ http://localhost:3000/_next/static/chunks/node_modules_ce95cb36._.js:5517
[ 1102528ms] [WARNING] Detected `scroll-behavior: smooth` on the `<html>` element. To disable smooth scrolling during route transitions, add `data-scroll-behavior="smooth"` to your <html> element. Learn more: https://nextjs.org/docs/messages/missing-data-scroll-behavior @ http://localhost:3000/_next/static/chunks/node_modules_next_dist_f3530cac._.js:2297
[ 1109162ms] [ERROR] Failed to load resource: the server responded with a status of 409 (Conflict) @ http://localhost:3000/api/players:0
[ 1114250ms] [ERROR] Failed to load resource: the server responded with a status of 409 (Conflict) @ http://localhost:3000/api/players:0
[ 1199888ms] [WARNING] Detected `scroll-behavior: smooth` on the `<html>` element. To disable smooth scrolling during route transitions, add `data-scroll-behavior="smooth"` to your <html> element. Learn more: https://nextjs.org/docs/messages/missing-data-scroll-behavior @ http://localhost:3000/_next/static/chunks/node_modules_next_dist_f3530cac._.js:2297
[ 1199907ms] [WARNING] WebSocket connection to 'wss://zvcxagmauxwcotqpyuzi.supabase.co/realtime/v1/websocket?apikey=eyJhbGciOiJIUzI1NiIsInR5cCI6IkpXVCJ9.eyJpc3MiOiJzdXBhYmFzZSIsInJlZiI6Inp2Y3hhZ21hdXh3Y290cXB5dXppIiwicm9sZSI6ImFub24iLCJpYXQiOjE3NzEwNzQ2OTUsImV4cCI6MjA4NjY1MDY5NX0.Mwl6LVHvIZ3-M-oLZ0KB_qfP1y16dpRT8lJFfnQastE&eventsPerSecond=10&vsn=2.0.0' failed: WebSocket is closed before the connection is established. @ http://localhost:3000/_next/static/chunks/node_modules_ce95cb36._.js:5517
